2025-10-04T18:54:55.234+0900 [INFO]  Terraform version: 1.13.2
2025-10-04T18:54:55.234+0900 [DEBUG] using github.com/hashicorp/go-tfe v1.74.1
2025-10-04T18:54:55.234+0900 [DEBUG] using github.com/hashicorp/hcl/v2 v2.24.0
2025-10-04T18:54:55.234+0900 [DEBUG] using github.com/hashicorp/terraform-svchost v0.1.1
2025-10-04T18:54:55.234+0900 [DEBUG] using github.com/zclconf/go-cty v1.16.3
2025-10-04T18:54:55.234+0900 [INFO]  Go runtime version: go1.24.5
2025-10-04T18:54:55.234+0900 [INFO]  CLI args: []string{"terraform", "fmt"}
2025-10-04T18:54:55.234+0900 [DEBUG] Attempting to open CLI config file: /home/okkey/.terraformrc
2025-10-04T18:54:55.234+0900 [DEBUG] File doesn't exist, but doesn't need to. Ignoring.
2025-10-04T18:54:55.234+0900 [INFO]  Loading CLI configuration from /home/okkey/.terraform.d/credentials.tfrc.json
2025-10-04T18:54:55.235+0900 [DEBUG] ignoring non-existing provider search directory terraform.d/plugins
2025-10-04T18:54:55.235+0900 [DEBUG] ignoring non-existing provider search directory /home/okkey/.terraform.d/plugins
2025-10-04T18:54:55.235+0900 [DEBUG] ignoring non-existing provider search directory /home/okkey/.local/share/terraform/plugins
2025-10-04T18:54:55.235+0900 [DEBUG] ignoring non-existing provider search directory /usr/local/share/terraform/plugins
2025-10-04T18:54:55.235+0900 [DEBUG] ignoring non-existing provider search directory /usr/share/terraform/plugins
2025-10-04T18:54:55.235+0900 [INFO]  CLI command args: []string{"fmt"}
2025-10-04T18:55:19.792+0900 [INFO]  Terraform version: 1.13.2
2025-10-04T18:55:19.792+0900 [DEBUG] using github.com/hashicorp/go-tfe v1.74.1
2025-10-04T18:55:19.792+0900 [DEBUG] using github.com/hashicorp/hcl/v2 v2.24.0
2025-10-04T18:55:19.792+0900 [DEBUG] using github.com/hashicorp/terraform-svchost v0.1.1
2025-10-04T18:55:19.792+0900 [DEBUG] using github.com/zclconf/go-cty v1.16.3
2025-10-04T18:55:19.792+0900 [INFO]  Go runtime version: go1.24.5
2025-10-04T18:55:19.792+0900 [INFO]  CLI args: []string{"terraform", "init"}
2025-10-04T18:55:19.792+0900 [DEBUG] Attempting to open CLI config file: /home/okkey/.terraformrc
2025-10-04T18:55:19.792+0900 [DEBUG] File doesn't exist, but doesn't need to. Ignoring.
2025-10-04T18:55:19.792+0900 [INFO]  Loading CLI configuration from /home/okkey/.terraform.d/credentials.tfrc.json
2025-10-04T18:55:19.792+0900 [DEBUG] ignoring non-existing provider search directory terraform.d/plugins
2025-10-04T18:55:19.792+0900 [DEBUG] ignoring non-existing provider search directory /home/okkey/.terraform.d/plugins
2025-10-04T18:55:19.792+0900 [DEBUG] ignoring non-existing provider search directory /home/okkey/.local/share/terraform/plugins
2025-10-04T18:55:19.792+0900 [DEBUG] ignoring non-existing provider search directory /usr/local/share/terraform/plugins
2025-10-04T18:55:19.792+0900 [DEBUG] ignoring non-existing provider search directory /usr/share/terraform/plugins
2025-10-04T18:55:19.793+0900 [INFO]  CLI command args: []string{"init"}
2025-10-04T18:55:20.175+0900 [DEBUG] checking for provisioner in "."
2025-10-04T18:55:20.175+0900 [DEBUG] checking for provisioner in "/home/okkey/.local/share/mise/installs/terraform/1.13.2/bin"
2025-10-04T18:55:20.175+0900 [DEBUG] Service discovery for registry.terraform.io at https://registry.terraform.io/.well-known/terraform.json
2025-10-04T18:55:20.390+0900 [DEBUG] GET https://registry.terraform.io/v1/providers/hashicorp/aws/versions
2025-10-04T21:39:55.639+0900 [INFO]  Terraform version: 1.13.2
2025-10-04T21:39:55.640+0900 [DEBUG] using github.com/hashicorp/go-tfe v1.74.1
2025-10-04T21:39:55.640+0900 [DEBUG] using github.com/hashicorp/hcl/v2 v2.24.0
2025-10-04T21:39:55.640+0900 [DEBUG] using github.com/hashicorp/terraform-svchost v0.1.1
2025-10-04T21:39:55.640+0900 [DEBUG] using github.com/zclconf/go-cty v1.16.3
2025-10-04T21:39:55.640+0900 [INFO]  Go runtime version: go1.24.5
2025-10-04T21:39:55.640+0900 [INFO]  CLI args: []string{"terraform", "validate"}
2025-10-04T21:39:55.640+0900 [DEBUG] Attempting to open CLI config file: /home/okkey/.terraformrc
2025-10-04T21:39:55.640+0900 [DEBUG] File doesn't exist, but doesn't need to. Ignoring.
2025-10-04T21:39:55.640+0900 [INFO]  Loading CLI configuration from /home/okkey/.terraform.d/credentials.tfrc.json
2025-10-04T21:39:55.640+0900 [DEBUG] ignoring non-existing provider search directory terraform.d/plugins
2025-10-04T21:39:55.640+0900 [DEBUG] ignoring non-existing provider search directory /home/okkey/.terraform.d/plugins
2025-10-04T21:39:55.640+0900 [DEBUG] ignoring non-existing provider search directory /home/okkey/.local/share/terraform/plugins
2025-10-04T21:39:55.640+0900 [DEBUG] ignoring non-existing provider search directory /usr/local/share/terraform/plugins
2025-10-04T21:39:55.640+0900 [DEBUG] ignoring non-existing provider search directory /usr/share/terraform/plugins
2025-10-04T21:39:55.641+0900 [INFO]  Terraform version: 1.13.2
2025-10-04T21:39:55.641+0900 [DEBUG] using github.com/hashicorp/go-tfe v1.74.1
2025-10-04T21:39:55.641+0900 [DEBUG] using github.com/hashicorp/hcl/v2 v2.24.0
2025-10-04T21:39:55.641+0900 [DEBUG] using github.com/hashicorp/terraform-svchost v0.1.1
2025-10-04T21:39:55.641+0900 [DEBUG] using github.com/zclconf/go-cty v1.16.3
2025-10-04T21:39:55.641+0900 [INFO]  Go runtime version: go1.24.5
2025-10-04T21:39:55.641+0900 [INFO]  CLI args: []string{"terraform", "fmt", "-recursive"}
2025-10-04T21:39:55.641+0900 [DEBUG] Attempting to open CLI config file: /home/okkey/.terraformrc
2025-10-04T21:39:55.641+0900 [INFO]  CLI command args: []string{"validate"}
2025-10-04T21:39:55.641+0900 [DEBUG] File doesn't exist, but doesn't need to. Ignoring.
2025-10-04T21:39:55.641+0900 [INFO]  Loading CLI configuration from /home/okkey/.terraform.d/credentials.tfrc.json
2025-10-04T21:39:55.641+0900 [DEBUG] ignoring non-existing provider search directory terraform.d/plugins
2025-10-04T21:39:55.641+0900 [DEBUG] ignoring non-existing provider search directory /home/okkey/.terraform.d/plugins
2025-10-04T21:39:55.641+0900 [DEBUG] ignoring non-existing provider search directory /home/okkey/.local/share/terraform/plugins
2025-10-04T21:39:55.641+0900 [DEBUG] ignoring non-existing provider search directory /usr/local/share/terraform/plugins
2025-10-04T21:39:55.641+0900 [DEBUG] ignoring non-existing provider search directory /usr/share/terraform/plugins
2025-10-04T21:39:55.641+0900 [INFO]  CLI command args: []string{"fmt", "-recursive"}
2025-10-04T21:39:56.025+0900 [DEBUG] checking for provisioner in "."
2025-10-04T21:39:56.025+0900 [DEBUG] checking for provisioner in "/home/okkey/.local/share/mise/installs/terraform/1.13.2/bin"
2025-10-04T21:39:56.025+0900 [DEBUG] created provider logger: level=debug
2025-10-04T21:39:56.025+0900 [INFO]  provider: configuring client automatic mTLS
2025-10-04T21:39:56.030+0900 [DEBUG] provider: starting plugin: path=.terraform/providers/registry.terraform.io/hashicorp/aws/5.100.0/linux_amd64/terraform-provider-aws_v5.100.0_x5 args=[".terraform/providers/registry.terraform.io/hashicorp/aws/5.100.0/linux_amd64/terraform-provider-aws_v5.100.0_x5"]
2025-10-04T21:39:56.030+0900 [DEBUG] provider: plugin started: path=.terraform/providers/registry.terraform.io/hashicorp/aws/5.100.0/linux_amd64/terraform-provider-aws_v5.100.0_x5 pid=449618
2025-10-04T21:39:56.030+0900 [DEBUG] provider: waiting for RPC address: plugin=.terraform/providers/registry.terraform.io/hashicorp/aws/5.100.0/linux_amd64/terraform-provider-aws_v5.100.0_x5
2025-10-04T21:39:56.092+0900 [DEBUG] provider.terraform-provider-aws_v5.100.0_x5: Starting github.com/hashicorp/terraform-provider-aws@5.100.0 (go1.23.10)...
2025-10-04T21:39:56.092+0900 [DEBUG] provider.terraform-provider-aws_v5.100.0_x5: Initializing Terraform AWS Provider...
2025-10-04T21:39:56.111+0900 [INFO]  provider.terraform-provider-aws_v5.100.0_x5: configuring server automatic mTLS: timestamp="2025-10-04T21:39:56.110+0900"
2025-10-04T21:39:56.116+0900 [DEBUG] provider: using plugin: version=5
2025-10-04T21:39:56.116+0900 [DEBUG] provider.terraform-provider-aws_v5.100.0_x5: plugin address: address=/tmp/plugin500268958 network=unix timestamp="2025-10-04T21:39:56.116+0900"
2025-10-04T21:39:56.700+0900 [DEBUG] provider.stdio: received EOF, stopping recv loop: err="rpc error: code = Unavailable desc = error reading from server: EOF"
2025-10-04T21:39:56.706+0900 [INFO]  provider: plugin process exited: plugin=.terraform/providers/registry.terraform.io/hashicorp/aws/5.100.0/linux_amd64/terraform-provider-aws_v5.100.0_x5 id=449618
2025-10-04T21:39:56.706+0900 [DEBUG] provider: plugin exited
2025-10-04T21:39:56.707+0900 [DEBUG] Building and walking validate graph
2025-10-04T21:39:56.707+0900 [DEBUG] ProviderTransformer: "aws_s3_bucket_public_access_block.website" (*terraform.NodeValidatableResource) needs provider["registry.terraform.io/hashicorp/aws"]
2025-10-04T21:39:56.707+0900 [DEBUG] ProviderTransformer: "data.aws_iam_policy_document.website_bucket_policy" (*terraform.NodeValidatableResource) needs provider["registry.terraform.io/hashicorp/aws"]
2025-10-04T21:39:56.707+0900 [DEBUG] ProviderTransformer: "aws_cloudfront_distribution.website" (*terraform.NodeValidatableResource) needs provider["registry.terraform.io/hashicorp/aws"]
2025-10-04T21:39:56.707+0900 [DEBUG] ProviderTransformer: "aws_s3_bucket.website" (*terraform.NodeValidatableResource) needs provider["registry.terraform.io/hashicorp/aws"]
2025-10-04T21:39:56.707+0900 [DEBUG] ProviderTransformer: "aws_s3_bucket_policy.website" (*terraform.NodeValidatableResource) needs provider["registry.terraform.io/hashicorp/aws"]
2025-10-04T21:39:56.707+0900 [DEBUG] ProviderTransformer: "aws_cloudfront_origin_access_control.website" (*terraform.NodeValidatableResource) needs provider["registry.terraform.io/hashicorp/aws"]
2025-10-04T21:39:56.707+0900 [DEBUG] ReferenceTransformer: "aws_s3_bucket.website" references: [var.project_name var.environment var.environment var.project_name var.environment]
2025-10-04T21:39:56.707+0900 [DEBUG] ReferenceTransformer: "aws_s3_bucket_policy.website" references: [aws_s3_bucket.website data.aws_iam_policy_document.website_bucket_policy]
2025-10-04T21:39:56.707+0900 [DEBUG] ReferenceTransformer: "aws_cloudfront_origin_access_control.website" references: [var.project_name var.environment var.project_name]
2025-10-04T21:39:56.707+0900 [DEBUG] ReferenceTransformer: "output.s3_bucket_arn (expand)" references: [aws_s3_bucket.website]
2025-10-04T21:39:56.707+0900 [DEBUG] ReferenceTransformer: "aws_s3_bucket_public_access_block.website" references: [aws_s3_bucket.website]
2025-10-04T21:39:56.707+0900 [DEBUG] ReferenceTransformer: "data.aws_iam_policy_document.website_bucket_policy" references: [aws_s3_bucket.website aws_cloudfront_distribution.website]
2025-10-04T21:39:56.707+0900 [DEBUG] ReferenceTransformer: "output.website_url (expand)" references: [aws_cloudfront_distribution.website]
2025-10-04T21:39:56.707+0900 [DEBUG] ReferenceTransformer: "aws_cloudfront_distribution.website" references: [var.project_name var.environment var.project_name var.environment var.environment aws_s3_bucket.website aws_cloudfront_origin_access_control.website aws_s3_bucket.website aws_s3_bucket.website]
2025-10-04T21:39:56.707+0900 [DEBUG] ReferenceTransformer: "var.project_name" references: []
2025-10-04T21:39:56.707+0900 [DEBUG] ReferenceTransformer: "var.environment" references: []
2025-10-04T21:39:56.707+0900 [DEBUG] ReferenceTransformer: "output.s3_bucket_name (expand)" references: [aws_s3_bucket.website]
2025-10-04T21:39:56.707+0900 [DEBUG] ReferenceTransformer: "provider[\"registry.terraform.io/hashicorp/aws\"]" references: [var.aws_region]
2025-10-04T21:39:56.707+0900 [DEBUG] ReferenceTransformer: "var.aws_region" references: []
2025-10-04T21:39:56.707+0900 [DEBUG] ReferenceTransformer: "output.cloudfront_distribution_id (expand)" references: [aws_cloudfront_distribution.website]
2025-10-04T21:39:56.707+0900 [DEBUG] ReferenceTransformer: "output.cloudfront_domain_name (expand)" references: [aws_cloudfront_distribution.website]
2025-10-04T21:39:56.707+0900 [DEBUG] Starting graph walk: walkValidate
2025-10-04T21:39:56.708+0900 [DEBUG] created provider logger: level=debug
2025-10-04T21:39:56.708+0900 [INFO]  provider: configuring client automatic mTLS
2025-10-04T21:39:56.711+0900 [DEBUG] provider: starting plugin: path=.terraform/providers/registry.terraform.io/hashicorp/aws/5.100.0/linux_amd64/terraform-provider-aws_v5.100.0_x5 args=[".terraform/providers/registry.terraform.io/hashicorp/aws/5.100.0/linux_amd64/terraform-provider-aws_v5.100.0_x5"]
2025-10-04T21:39:56.711+0900 [DEBUG] provider: plugin started: path=.terraform/providers/registry.terraform.io/hashicorp/aws/5.100.0/linux_amd64/terraform-provider-aws_v5.100.0_x5 pid=449651
2025-10-04T21:39:56.711+0900 [DEBUG] provider: waiting for RPC address: plugin=.terraform/providers/registry.terraform.io/hashicorp/aws/5.100.0/linux_amd64/terraform-provider-aws_v5.100.0_x5
2025-10-04T21:39:56.769+0900 [DEBUG] provider.terraform-provider-aws_v5.100.0_x5: Starting github.com/hashicorp/terraform-provider-aws@5.100.0 (go1.23.10)...
2025-10-04T21:39:56.769+0900 [DEBUG] provider.terraform-provider-aws_v5.100.0_x5: Initializing Terraform AWS Provider...
2025-10-04T21:39:56.791+0900 [INFO]  provider.terraform-provider-aws_v5.100.0_x5: configuring server automatic mTLS: timestamp="2025-10-04T21:39:56.791+0900"
2025-10-04T21:39:56.796+0900 [DEBUG] provider: using plugin: version=5
2025-10-04T21:39:56.796+0900 [DEBUG] provider.terraform-provider-aws_v5.100.0_x5: plugin address: address=/tmp/plugin1157482799 network=unix timestamp="2025-10-04T21:39:56.796+0900"
2025-10-04T21:39:56.866+0900 [DEBUG] provider.stdio: received EOF, stopping recv loop: err="rpc error: code = Unavailable desc = error reading from server: EOF"
2025-10-04T21:39:56.870+0900 [INFO]  provider: plugin process exited: plugin=.terraform/providers/registry.terraform.io/hashicorp/aws/5.100.0/linux_amd64/terraform-provider-aws_v5.100.0_x5 id=449651
2025-10-04T21:39:56.870+0900 [DEBUG] provider: plugin exited
2025-10-04T21:40:42.759+0900 [INFO]  Terraform version: 1.13.2
2025-10-04T21:40:42.759+0900 [DEBUG] using github.com/hashicorp/go-tfe v1.74.1
2025-10-04T21:40:42.759+0900 [DEBUG] using github.com/hashicorp/hcl/v2 v2.24.0
2025-10-04T21:40:42.759+0900 [DEBUG] using github.com/hashicorp/terraform-svchost v0.1.1
2025-10-04T21:40:42.759+0900 [DEBUG] using github.com/zclconf/go-cty v1.16.3
2025-10-04T21:40:42.759+0900 [INFO]  Go runtime version: go1.24.5
2025-10-04T21:40:42.759+0900 [INFO]  CLI args: []string{"terraform", "fmt", "-recursive"}
2025-10-04T21:40:42.759+0900 [DEBUG] Attempting to open CLI config file: /home/okkey/.terraformrc
2025-10-04T21:40:42.759+0900 [DEBUG] File doesn't exist, but doesn't need to. Ignoring.
2025-10-04T21:40:42.759+0900 [INFO]  Loading CLI configuration from /home/okkey/.terraform.d/credentials.tfrc.json
2025-10-04T21:40:42.759+0900 [DEBUG] ignoring non-existing provider search directory terraform.d/plugins
2025-10-04T21:40:42.759+0900 [DEBUG] ignoring non-existing provider search directory /home/okkey/.terraform.d/plugins
2025-10-04T21:40:42.759+0900 [DEBUG] ignoring non-existing provider search directory /home/okkey/.local/share/terraform/plugins
2025-10-04T21:40:42.759+0900 [DEBUG] ignoring non-existing provider search directory /usr/local/share/terraform/plugins
2025-10-04T21:40:42.759+0900 [DEBUG] ignoring non-existing provider search directory /usr/share/terraform/plugins
2025-10-04T21:40:42.760+0900 [INFO]  CLI command args: []string{"fmt", "-recursive"}
2025-10-04T21:40:42.763+0900 [INFO]  Terraform version: 1.13.2
2025-10-04T21:40:42.763+0900 [DEBUG] using github.com/hashicorp/go-tfe v1.74.1
2025-10-04T21:40:42.763+0900 [DEBUG] using github.com/hashicorp/hcl/v2 v2.24.0
2025-10-04T21:40:42.763+0900 [DEBUG] using github.com/hashicorp/terraform-svchost v0.1.1
2025-10-04T21:40:42.763+0900 [DEBUG] using github.com/zclconf/go-cty v1.16.3
2025-10-04T21:40:42.763+0900 [INFO]  Go runtime version: go1.24.5
2025-10-04T21:40:42.763+0900 [INFO]  CLI args: []string{"terraform", "validate"}
2025-10-04T21:40:42.763+0900 [DEBUG] Attempting to open CLI config file: /home/okkey/.terraformrc
2025-10-04T21:40:42.763+0900 [DEBUG] File doesn't exist, but doesn't need to. Ignoring.
2025-10-04T21:40:42.763+0900 [INFO]  Loading CLI configuration from /home/okkey/.terraform.d/credentials.tfrc.json
2025-10-04T21:40:42.763+0900 [DEBUG] ignoring non-existing provider search directory terraform.d/plugins
2025-10-04T21:40:42.763+0900 [DEBUG] ignoring non-existing provider search directory /home/okkey/.terraform.d/plugins
2025-10-04T21:40:42.763+0900 [DEBUG] ignoring non-existing provider search directory /home/okkey/.local/share/terraform/plugins
2025-10-04T21:40:42.763+0900 [DEBUG] ignoring non-existing provider search directory /usr/local/share/terraform/plugins
2025-10-04T21:40:42.763+0900 [DEBUG] ignoring non-existing provider search directory /usr/share/terraform/plugins
2025-10-04T21:40:42.763+0900 [INFO]  CLI command args: []string{"validate"}
2025-10-04T21:40:43.199+0900 [DEBUG] checking for provisioner in "."
2025-10-04T21:40:43.199+0900 [DEBUG] checking for provisioner in "/home/okkey/.local/share/mise/installs/terraform/1.13.2/bin"
2025-10-04T21:40:43.199+0900 [DEBUG] created provider logger: level=debug
2025-10-04T21:40:43.199+0900 [INFO]  provider: configuring client automatic mTLS
2025-10-04T21:40:43.207+0900 [DEBUG] provider: starting plugin: path=.terraform/providers/registry.terraform.io/hashicorp/aws/5.100.0/linux_amd64/terraform-provider-aws_v5.100.0_x5 args=[".terraform/providers/registry.terraform.io/hashicorp/aws/5.100.0/linux_amd64/terraform-provider-aws_v5.100.0_x5"]
2025-10-04T21:40:43.208+0900 [DEBUG] provider: plugin started: path=.terraform/providers/registry.terraform.io/hashicorp/aws/5.100.0/linux_amd64/terraform-provider-aws_v5.100.0_x5 pid=450811
2025-10-04T21:40:43.208+0900 [DEBUG] provider: waiting for RPC address: plugin=.terraform/providers/registry.terraform.io/hashicorp/aws/5.100.0/linux_amd64/terraform-provider-aws_v5.100.0_x5
2025-10-04T21:40:43.276+0900 [DEBUG] provider.terraform-provider-aws_v5.100.0_x5: Starting github.com/hashicorp/terraform-provider-aws@5.100.0 (go1.23.10)...
2025-10-04T21:40:43.276+0900 [DEBUG] provider.terraform-provider-aws_v5.100.0_x5: Initializing Terraform AWS Provider...
2025-10-04T21:40:43.298+0900 [INFO]  provider.terraform-provider-aws_v5.100.0_x5: configuring server automatic mTLS: timestamp="2025-10-04T21:40:43.298+0900"
2025-10-04T21:40:43.304+0900 [DEBUG] provider: using plugin: version=5
2025-10-04T21:40:43.304+0900 [DEBUG] provider.terraform-provider-aws_v5.100.0_x5: plugin address: address=/tmp/plugin2969272208 network=unix timestamp="2025-10-04T21:40:43.304+0900"
2025-10-04T21:40:43.890+0900 [DEBUG] provider.stdio: received EOF, stopping recv loop: err="rpc error: code = Unavailable desc = error reading from server: EOF"
2025-10-04T21:40:43.898+0900 [INFO]  provider: plugin process exited: plugin=.terraform/providers/registry.terraform.io/hashicorp/aws/5.100.0/linux_amd64/terraform-provider-aws_v5.100.0_x5 id=450811
2025-10-04T21:40:43.898+0900 [DEBUG] provider: plugin exited
2025-10-04T21:40:43.898+0900 [DEBUG] Building and walking validate graph
2025-10-04T21:40:43.898+0900 [DEBUG] ProviderTransformer: "aws_cloudfront_origin_access_control.website" (*terraform.NodeValidatableResource) needs provider["registry.terraform.io/hashicorp/aws"]
2025-10-04T21:40:43.898+0900 [DEBUG] ProviderTransformer: "aws_cloudfront_distribution.website" (*terraform.NodeValidatableResource) needs provider["registry.terraform.io/hashicorp/aws"]
2025-10-04T21:40:43.898+0900 [DEBUG] ProviderTransformer: "aws_s3_bucket.website" (*terraform.NodeValidatableResource) needs provider["registry.terraform.io/hashicorp/aws"]
2025-10-04T21:40:43.898+0900 [DEBUG] ProviderTransformer: "data.aws_iam_policy_document.website_bucket_policy" (*terraform.NodeValidatableResource) needs provider["registry.terraform.io/hashicorp/aws"]
2025-10-04T21:40:43.898+0900 [DEBUG] ProviderTransformer: "aws_s3_bucket_policy.website" (*terraform.NodeValidatableResource) needs provider["registry.terraform.io/hashicorp/aws"]
2025-10-04T21:40:43.898+0900 [DEBUG] ProviderTransformer: "aws_s3_bucket_public_access_block.website" (*terraform.NodeValidatableResource) needs provider["registry.terraform.io/hashicorp/aws"]
2025-10-04T21:40:43.898+0900 [DEBUG] ReferenceTransformer: "output.cloudfront_domain_name (expand)" references: [aws_cloudfront_distribution.website]
2025-10-04T21:40:43.898+0900 [DEBUG] ReferenceTransformer: "aws_s3_bucket_public_access_block.website" references: [aws_s3_bucket.website]
2025-10-04T21:40:43.898+0900 [DEBUG] ReferenceTransformer: "aws_cloudfront_origin_access_control.website" references: [var.project_name var.project_name var.environment]
2025-10-04T21:40:43.898+0900 [DEBUG] ReferenceTransformer: "var.aws_region" references: []
2025-10-04T21:40:43.898+0900 [DEBUG] ReferenceTransformer: "provider[\"registry.terraform.io/hashicorp/aws\"]" references: [var.aws_region]
2025-10-04T21:40:43.898+0900 [DEBUG] ReferenceTransformer: "aws_cloudfront_distribution.website" references: [var.project_name var.environment var.environment var.project_name var.environment aws_cloudfront_origin_access_control.website aws_s3_bucket.website aws_s3_bucket.website aws_s3_bucket.website]
2025-10-04T21:40:43.898+0900 [DEBUG] ReferenceTransformer: "aws_s3_bucket.website" references: [var.project_name var.environment var.environment var.project_name var.environment]
2025-10-04T21:40:43.898+0900 [DEBUG] ReferenceTransformer: "data.aws_iam_policy_document.website_bucket_policy" references: [aws_s3_bucket.website aws_cloudfront_distribution.website]
2025-10-04T21:40:43.898+0900 [DEBUG] ReferenceTransformer: "var.environment" references: []
2025-10-04T21:40:43.898+0900 [DEBUG] ReferenceTransformer: "output.cloudfront_distribution_id (expand)" references: [aws_cloudfront_distribution.website]
2025-10-04T21:40:43.898+0900 [DEBUG] ReferenceTransformer: "output.website_url (expand)" references: [aws_cloudfront_distribution.website]
2025-10-04T21:40:43.898+0900 [DEBUG] ReferenceTransformer: "aws_s3_bucket_policy.website" references: [data.aws_iam_policy_document.website_bucket_policy aws_s3_bucket.website]
2025-10-04T21:40:43.898+0900 [DEBUG] ReferenceTransformer: "var.project_name" references: []
2025-10-04T21:40:43.898+0900 [DEBUG] ReferenceTransformer: "output.s3_bucket_name (expand)" references: [aws_s3_bucket.website]
2025-10-04T21:40:43.898+0900 [DEBUG] ReferenceTransformer: "output.s3_bucket_arn (expand)" references: [aws_s3_bucket.website]
2025-10-04T21:40:43.899+0900 [DEBUG] Starting graph walk: walkValidate
2025-10-04T21:40:43.899+0900 [DEBUG] created provider logger: level=debug
2025-10-04T21:40:43.899+0900 [INFO]  provider: configuring client automatic mTLS
2025-10-04T21:40:43.902+0900 [DEBUG] provider: starting plugin: path=.terraform/providers/registry.terraform.io/hashicorp/aws/5.100.0/linux_amd64/terraform-provider-aws_v5.100.0_x5 args=[".terraform/providers/registry.terraform.io/hashicorp/aws/5.100.0/linux_amd64/terraform-provider-aws_v5.100.0_x5"]
2025-10-04T21:40:43.903+0900 [DEBUG] provider: plugin started: path=.terraform/providers/registry.terraform.io/hashicorp/aws/5.100.0/linux_amd64/terraform-provider-aws_v5.100.0_x5 pid=450869
2025-10-04T21:40:43.903+0900 [DEBUG] provider: waiting for RPC address: plugin=.terraform/providers/registry.terraform.io/hashicorp/aws/5.100.0/linux_amd64/terraform-provider-aws_v5.100.0_x5
2025-10-04T21:40:43.971+0900 [DEBUG] provider.terraform-provider-aws_v5.100.0_x5: Starting github.com/hashicorp/terraform-provider-aws@5.100.0 (go1.23.10)...
2025-10-04T21:40:43.971+0900 [DEBUG] provider.terraform-provider-aws_v5.100.0_x5: Initializing Terraform AWS Provider...
2025-10-04T21:40:43.999+0900 [INFO]  provider.terraform-provider-aws_v5.100.0_x5: configuring server automatic mTLS: timestamp="2025-10-04T21:40:43.999+0900"
2025-10-04T21:40:44.005+0900 [DEBUG] provider: using plugin: version=5
2025-10-04T21:40:44.005+0900 [DEBUG] provider.terraform-provider-aws_v5.100.0_x5: plugin address: address=/tmp/plugin1997642515 network=unix timestamp="2025-10-04T21:40:44.005+0900"
2025-10-04T21:40:44.081+0900 [DEBUG] provider.stdio: received EOF, stopping recv loop: err="rpc error: code = Unavailable desc = error reading from server: EOF"
2025-10-04T21:40:44.087+0900 [INFO]  provider: plugin process exited: plugin=.terraform/providers/registry.terraform.io/hashicorp/aws/5.100.0/linux_amd64/terraform-provider-aws_v5.100.0_x5 id=450869
2025-10-04T21:40:44.087+0900 [DEBUG] provider: plugin exited
2025-10-04T21:45:46.507+0900 [INFO]  Terraform version: 1.13.2
2025-10-04T21:45:46.507+0900 [DEBUG] using github.com/hashicorp/go-tfe v1.74.1
2025-10-04T21:45:46.507+0900 [DEBUG] using github.com/hashicorp/hcl/v2 v2.24.0
2025-10-04T21:45:46.507+0900 [DEBUG] using github.com/hashicorp/terraform-svchost v0.1.1
2025-10-04T21:45:46.507+0900 [DEBUG] using github.com/zclconf/go-cty v1.16.3
2025-10-04T21:45:46.507+0900 [INFO]  Go runtime version: go1.24.5
2025-10-04T21:45:46.507+0900 [INFO]  CLI args: []string{"terraform", "validate"}
2025-10-04T21:45:46.507+0900 [DEBUG] Attempting to open CLI config file: /home/okkey/.terraformrc
2025-10-04T21:45:46.507+0900 [DEBUG] File doesn't exist, but doesn't need to. Ignoring.
2025-10-04T21:45:46.507+0900 [INFO]  Loading CLI configuration from /home/okkey/.terraform.d/credentials.tfrc.json
2025-10-04T21:45:46.508+0900 [DEBUG] ignoring non-existing provider search directory terraform.d/plugins
2025-10-04T21:45:46.508+0900 [DEBUG] ignoring non-existing provider search directory /home/okkey/.terraform.d/plugins
2025-10-04T21:45:46.508+0900 [DEBUG] ignoring non-existing provider search directory /home/okkey/.local/share/terraform/plugins
2025-10-04T21:45:46.508+0900 [DEBUG] ignoring non-existing provider search directory /usr/local/share/terraform/plugins
2025-10-04T21:45:46.508+0900 [DEBUG] ignoring non-existing provider search directory /usr/share/terraform/plugins
2025-10-04T21:45:46.508+0900 [INFO]  CLI command args: []string{"validate"}
2025-10-04T21:45:46.517+0900 [INFO]  Terraform version: 1.13.2
2025-10-04T21:45:46.517+0900 [DEBUG] using github.com/hashicorp/go-tfe v1.74.1
2025-10-04T21:45:46.517+0900 [DEBUG] using github.com/hashicorp/hcl/v2 v2.24.0
2025-10-04T21:45:46.517+0900 [DEBUG] using github.com/hashicorp/terraform-svchost v0.1.1
2025-10-04T21:45:46.517+0900 [DEBUG] using github.com/zclconf/go-cty v1.16.3
2025-10-04T21:45:46.517+0900 [INFO]  Go runtime version: go1.24.5
2025-10-04T21:45:46.517+0900 [INFO]  CLI args: []string{"terraform", "fmt", "-recursive"}
2025-10-04T21:45:46.517+0900 [DEBUG] Attempting to open CLI config file: /home/okkey/.terraformrc
2025-10-04T21:45:46.517+0900 [DEBUG] File doesn't exist, but doesn't need to. Ignoring.
2025-10-04T21:45:46.517+0900 [INFO]  Loading CLI configuration from /home/okkey/.terraform.d/credentials.tfrc.json
2025-10-04T21:45:46.517+0900 [DEBUG] ignoring non-existing provider search directory terraform.d/plugins
2025-10-04T21:45:46.517+0900 [DEBUG] ignoring non-existing provider search directory /home/okkey/.terraform.d/plugins
2025-10-04T21:45:46.517+0900 [DEBUG] ignoring non-existing provider search directory /home/okkey/.local/share/terraform/plugins
2025-10-04T21:45:46.517+0900 [DEBUG] ignoring non-existing provider search directory /usr/local/share/terraform/plugins
2025-10-04T21:45:46.517+0900 [DEBUG] ignoring non-existing provider search directory /usr/share/terraform/plugins
2025-10-04T21:45:46.518+0900 [INFO]  CLI command args: []string{"fmt", "-recursive"}
2025-10-04T21:45:47.052+0900 [DEBUG] checking for provisioner in "."
2025-10-04T21:45:47.052+0900 [DEBUG] checking for provisioner in "/home/okkey/.local/share/mise/installs/terraform/1.13.2/bin"
2025-10-04T21:45:47.052+0900 [DEBUG] created provider logger: level=debug
2025-10-04T21:45:47.052+0900 [INFO]  provider: configuring client automatic mTLS
2025-10-04T21:45:47.060+0900 [DEBUG] provider: starting plugin: path=.terraform/providers/registry.terraform.io/hashicorp/aws/5.100.0/linux_amd64/terraform-provider-aws_v5.100.0_x5 args=[".terraform/providers/registry.terraform.io/hashicorp/aws/5.100.0/linux_amd64/terraform-provider-aws_v5.100.0_x5"]
2025-10-04T21:45:47.060+0900 [DEBUG] provider: plugin started: path=.terraform/providers/registry.terraform.io/hashicorp/aws/5.100.0/linux_amd64/terraform-provider-aws_v5.100.0_x5 pid=456397
2025-10-04T21:45:47.060+0900 [DEBUG] provider: waiting for RPC address: plugin=.terraform/providers/registry.terraform.io/hashicorp/aws/5.100.0/linux_amd64/terraform-provider-aws_v5.100.0_x5
2025-10-04T21:45:47.142+0900 [DEBUG] provider.terraform-provider-aws_v5.100.0_x5: Starting github.com/hashicorp/terraform-provider-aws@5.100.0 (go1.23.10)...
2025-10-04T21:45:47.142+0900 [DEBUG] provider.terraform-provider-aws_v5.100.0_x5: Initializing Terraform AWS Provider...
2025-10-04T21:45:47.172+0900 [INFO]  provider.terraform-provider-aws_v5.100.0_x5: configuring server automatic mTLS: timestamp="2025-10-04T21:45:47.172+0900"
2025-10-04T21:45:47.182+0900 [DEBUG] provider: using plugin: version=5
2025-10-04T21:45:47.182+0900 [DEBUG] provider.terraform-provider-aws_v5.100.0_x5: plugin address: address=/tmp/plugin535295841 network=unix timestamp="2025-10-04T21:45:47.182+0900"
2025-10-04T21:45:47.793+0900 [DEBUG] provider.stdio: received EOF, stopping recv loop: err="rpc error: code = Unavailable desc = error reading from server: EOF"
2025-10-04T21:45:47.799+0900 [INFO]  provider: plugin process exited: plugin=.terraform/providers/registry.terraform.io/hashicorp/aws/5.100.0/linux_amd64/terraform-provider-aws_v5.100.0_x5 id=456397
2025-10-04T21:45:47.799+0900 [DEBUG] provider: plugin exited
2025-10-04T21:45:47.799+0900 [DEBUG] Building and walking validate graph
2025-10-04T21:45:47.799+0900 [DEBUG] ProviderTransformer: "aws_s3_bucket.website" (*terraform.NodeValidatableResource) needs provider["registry.terraform.io/hashicorp/aws"]
2025-10-04T21:45:47.799+0900 [DEBUG] ProviderTransformer: "aws_s3_bucket_policy.website" (*terraform.NodeValidatableResource) needs provider["registry.terraform.io/hashicorp/aws"]
2025-10-04T21:45:47.799+0900 [DEBUG] ProviderTransformer: "data.aws_iam_policy_document.website_bucket_policy" (*terraform.NodeValidatableResource) needs provider["registry.terraform.io/hashicorp/aws"]
2025-10-04T21:45:47.799+0900 [DEBUG] ProviderTransformer: "aws_s3_bucket_public_access_block.website" (*terraform.NodeValidatableResource) needs provider["registry.terraform.io/hashicorp/aws"]
2025-10-04T21:45:47.799+0900 [DEBUG] ProviderTransformer: "aws_cloudfront_origin_access_control.website" (*terraform.NodeValidatableResource) needs provider["registry.terraform.io/hashicorp/aws"]
2025-10-04T21:45:47.799+0900 [DEBUG] ProviderTransformer: "aws_cloudfront_distribution.website" (*terraform.NodeValidatableResource) needs provider["registry.terraform.io/hashicorp/aws"]
2025-10-04T21:45:47.799+0900 [DEBUG] ReferenceTransformer: "aws_s3_bucket_public_access_block.website" references: [aws_s3_bucket.website]
2025-10-04T21:45:47.799+0900 [DEBUG] ReferenceTransformer: "aws_cloudfront_origin_access_control.website" references: [var.project_name var.project_name var.environment]
2025-10-04T21:45:47.800+0900 [DEBUG] ReferenceTransformer: "aws_cloudfront_distribution.website" references: [var.project_name var.environment var.environment var.project_name var.environment aws_s3_bucket.website aws_s3_bucket.website aws_cloudfront_origin_access_control.website aws_s3_bucket.website]
2025-10-04T21:45:47.800+0900 [DEBUG] ReferenceTransformer: "output.website_url (expand)" references: [aws_cloudfront_distribution.website]
2025-10-04T21:45:47.800+0900 [DEBUG] ReferenceTransformer: "output.cloudfront_distribution_id (expand)" references: [aws_cloudfront_distribution.website]
2025-10-04T21:45:47.800+0900 [DEBUG] ReferenceTransformer: "var.project_name" references: []
2025-10-04T21:45:47.800+0900 [DEBUG] ReferenceTransformer: "output.s3_bucket_name (expand)" references: [aws_s3_bucket.website]
2025-10-04T21:45:47.800+0900 [DEBUG] ReferenceTransformer: "output.s3_bucket_arn (expand)" references: [aws_s3_bucket.website]
2025-10-04T21:45:47.800+0900 [DEBUG] ReferenceTransformer: "aws_s3_bucket.website" references: [var.project_name var.environment var.environment var.project_name var.environment]
2025-10-04T21:45:47.800+0900 [DEBUG] ReferenceTransformer: "provider[\"registry.terraform.io/hashicorp/aws\"]" references: [var.aws_region]
2025-10-04T21:45:47.800+0900 [DEBUG] ReferenceTransformer: "aws_s3_bucket_policy.website" references: [aws_s3_bucket.website data.aws_iam_policy_document.website_bucket_policy]
2025-10-04T21:45:47.800+0900 [DEBUG] ReferenceTransformer: "data.aws_iam_policy_document.website_bucket_policy" references: [aws_s3_bucket.website aws_cloudfront_distribution.website]
2025-10-04T21:45:47.800+0900 [DEBUG] ReferenceTransformer: "var.environment" references: []
2025-10-04T21:45:47.800+0900 [DEBUG] ReferenceTransformer: "var.aws_region" references: []
2025-10-04T21:45:47.800+0900 [DEBUG] ReferenceTransformer: "output.cloudfront_domain_name (expand)" references: [aws_cloudfront_distribution.website]
2025-10-04T21:45:47.800+0900 [DEBUG] Starting graph walk: walkValidate
2025-10-04T21:45:47.800+0900 [DEBUG] created provider logger: level=debug
2025-10-04T21:45:47.800+0900 [INFO]  provider: configuring client automatic mTLS
2025-10-04T21:45:47.803+0900 [DEBUG] provider: starting plugin: path=.terraform/providers/registry.terraform.io/hashicorp/aws/5.100.0/linux_amd64/terraform-provider-aws_v5.100.0_x5 args=[".terraform/providers/registry.terraform.io/hashicorp/aws/5.100.0/linux_amd64/terraform-provider-aws_v5.100.0_x5"]
2025-10-04T21:45:47.803+0900 [DEBUG] provider: plugin started: path=.terraform/providers/registry.terraform.io/hashicorp/aws/5.100.0/linux_amd64/terraform-provider-aws_v5.100.0_x5 pid=456467
2025-10-04T21:45:47.803+0900 [DEBUG] provider: waiting for RPC address: plugin=.terraform/providers/registry.terraform.io/hashicorp/aws/5.100.0/linux_amd64/terraform-provider-aws_v5.100.0_x5
2025-10-04T21:45:47.858+0900 [DEBUG] provider.terraform-provider-aws_v5.100.0_x5: Starting github.com/hashicorp/terraform-provider-aws@5.100.0 (go1.23.10)...
2025-10-04T21:45:47.858+0900 [DEBUG] provider.terraform-provider-aws_v5.100.0_x5: Initializing Terraform AWS Provider...
2025-10-04T21:45:47.877+0900 [INFO]  provider.terraform-provider-aws_v5.100.0_x5: configuring server automatic mTLS: timestamp="2025-10-04T21:45:47.877+0900"
2025-10-04T21:45:47.882+0900 [DEBUG] provider: using plugin: version=5
2025-10-04T21:45:47.882+0900 [DEBUG] provider.terraform-provider-aws_v5.100.0_x5: plugin address: address=/tmp/plugin3546884712 network=unix timestamp="2025-10-04T21:45:47.882+0900"
2025-10-04T21:45:47.956+0900 [DEBUG] provider.stdio: received EOF, stopping recv loop: err="rpc error: code = Unavailable desc = error reading from server: EOF"
2025-10-04T21:45:47.960+0900 [INFO]  provider: plugin process exited: plugin=.terraform/providers/registry.terraform.io/hashicorp/aws/5.100.0/linux_amd64/terraform-provider-aws_v5.100.0_x5 id=456467
2025-10-04T21:45:47.960+0900 [DEBUG] provider: plugin exited
2025-10-04T21:50:32.907+0900 [INFO]  Terraform version: 1.13.2
2025-10-04T21:50:32.908+0900 [DEBUG] using github.com/hashicorp/go-tfe v1.74.1
2025-10-04T21:50:32.908+0900 [DEBUG] using github.com/hashicorp/hcl/v2 v2.24.0
2025-10-04T21:50:32.908+0900 [DEBUG] using github.com/hashicorp/terraform-svchost v0.1.1
2025-10-04T21:50:32.908+0900 [DEBUG] using github.com/zclconf/go-cty v1.16.3
2025-10-04T21:50:32.908+0900 [INFO]  Go runtime version: go1.24.5
2025-10-04T21:50:32.908+0900 [INFO]  CLI args: []string{"terraform", "fmt", "-recursive"}
2025-10-04T21:50:32.908+0900 [DEBUG] Attempting to open CLI config file: /home/okkey/.terraformrc
2025-10-04T21:50:32.908+0900 [DEBUG] File doesn't exist, but doesn't need to. Ignoring.
2025-10-04T21:50:32.908+0900 [INFO]  Loading CLI configuration from /home/okkey/.terraform.d/credentials.tfrc.json
2025-10-04T21:50:32.908+0900 [DEBUG] ignoring non-existing provider search directory terraform.d/plugins
2025-10-04T21:50:32.908+0900 [DEBUG] ignoring non-existing provider search directory /home/okkey/.terraform.d/plugins
2025-10-04T21:50:32.908+0900 [DEBUG] ignoring non-existing provider search directory /home/okkey/.local/share/terraform/plugins
2025-10-04T21:50:32.908+0900 [DEBUG] ignoring non-existing provider search directory /usr/local/share/terraform/plugins
2025-10-04T21:50:32.908+0900 [DEBUG] ignoring non-existing provider search directory /usr/share/terraform/plugins
2025-10-04T21:50:32.910+0900 [INFO]  CLI command args: []string{"fmt", "-recursive"}
2025-10-04T21:50:32.940+0900 [INFO]  Terraform version: 1.13.2
2025-10-04T21:50:32.941+0900 [DEBUG] using github.com/hashicorp/go-tfe v1.74.1
2025-10-04T21:50:32.941+0900 [DEBUG] using github.com/hashicorp/hcl/v2 v2.24.0
2025-10-04T21:50:32.941+0900 [DEBUG] using github.com/hashicorp/terraform-svchost v0.1.1
2025-10-04T21:50:32.941+0900 [DEBUG] using github.com/zclconf/go-cty v1.16.3
2025-10-04T21:50:32.941+0900 [INFO]  Go runtime version: go1.24.5
2025-10-04T21:50:32.941+0900 [INFO]  CLI args: []string{"terraform", "validate"}
2025-10-04T21:50:32.941+0900 [DEBUG] Attempting to open CLI config file: /home/okkey/.terraformrc
2025-10-04T21:50:32.941+0900 [DEBUG] File doesn't exist, but doesn't need to. Ignoring.
2025-10-04T21:50:32.941+0900 [INFO]  Loading CLI configuration from /home/okkey/.terraform.d/credentials.tfrc.json
2025-10-04T21:50:32.941+0900 [DEBUG] ignoring non-existing provider search directory terraform.d/plugins
2025-10-04T21:50:32.941+0900 [DEBUG] ignoring non-existing provider search directory /home/okkey/.terraform.d/plugins
2025-10-04T21:50:32.941+0900 [DEBUG] ignoring non-existing provider search directory /home/okkey/.local/share/terraform/plugins
2025-10-04T21:50:32.941+0900 [DEBUG] ignoring non-existing provider search directory /usr/local/share/terraform/plugins
2025-10-04T21:50:32.941+0900 [DEBUG] ignoring non-existing provider search directory /usr/share/terraform/plugins
2025-10-04T21:50:32.941+0900 [INFO]  CLI command args: []string{"validate"}
2025-10-04T21:50:33.418+0900 [DEBUG] checking for provisioner in "."
2025-10-04T21:50:33.418+0900 [DEBUG] checking for provisioner in "/home/okkey/.local/share/mise/installs/terraform/1.13.2/bin"
2025-10-04T21:50:33.418+0900 [DEBUG] created provider logger: level=debug
2025-10-04T21:50:33.418+0900 [INFO]  provider: configuring client automatic mTLS
2025-10-04T21:50:33.424+0900 [DEBUG] provider: starting plugin: path=.terraform/providers/registry.terraform.io/hashicorp/aws/5.100.0/linux_amd64/terraform-provider-aws_v5.100.0_x5 args=[".terraform/providers/registry.terraform.io/hashicorp/aws/5.100.0/linux_amd64/terraform-provider-aws_v5.100.0_x5"]
2025-10-04T21:50:33.425+0900 [DEBUG] provider: plugin started: path=.terraform/providers/registry.terraform.io/hashicorp/aws/5.100.0/linux_amd64/terraform-provider-aws_v5.100.0_x5 pid=462174
2025-10-04T21:50:33.425+0900 [DEBUG] provider: waiting for RPC address: plugin=.terraform/providers/registry.terraform.io/hashicorp/aws/5.100.0/linux_amd64/terraform-provider-aws_v5.100.0_x5
2025-10-04T21:50:33.487+0900 [DEBUG] provider.terraform-provider-aws_v5.100.0_x5: Starting github.com/hashicorp/terraform-provider-aws@5.100.0 (go1.23.10)...
2025-10-04T21:50:33.487+0900 [DEBUG] provider.terraform-provider-aws_v5.100.0_x5: Initializing Terraform AWS Provider...
2025-10-04T21:50:33.505+0900 [INFO]  provider.terraform-provider-aws_v5.100.0_x5: configuring server automatic mTLS: timestamp="2025-10-04T21:50:33.505+0900"
2025-10-04T21:50:33.513+0900 [DEBUG] provider: using plugin: version=5
2025-10-04T21:50:33.513+0900 [DEBUG] provider.terraform-provider-aws_v5.100.0_x5: plugin address: network=unix address=/tmp/plugin267087232 timestamp="2025-10-04T21:50:33.513+0900"
2025-10-04T21:50:34.120+0900 [DEBUG] provider.stdio: received EOF, stopping recv loop: err="rpc error: code = Unavailable desc = error reading from server: EOF"
2025-10-04T21:50:34.123+0900 [INFO]  provider: plugin process exited: plugin=.terraform/providers/registry.terraform.io/hashicorp/aws/5.100.0/linux_amd64/terraform-provider-aws_v5.100.0_x5 id=462174
2025-10-04T21:50:34.123+0900 [DEBUG] provider: plugin exited
2025-10-04T21:50:34.123+0900 [DEBUG] Building and walking validate graph
2025-10-04T21:50:34.124+0900 [DEBUG] ProviderTransformer: "aws_s3_bucket_policy.website" (*terraform.NodeValidatableResource) needs provider["registry.terraform.io/hashicorp/aws"]
2025-10-04T21:50:34.124+0900 [DEBUG] ProviderTransformer: "aws_cloudfront_origin_access_control.website" (*terraform.NodeValidatableResource) needs provider["registry.terraform.io/hashicorp/aws"]
2025-10-04T21:50:34.124+0900 [DEBUG] ProviderTransformer: "aws_s3_bucket_public_access_block.website" (*terraform.NodeValidatableResource) needs provider["registry.terraform.io/hashicorp/aws"]
2025-10-04T21:50:34.124+0900 [DEBUG] ProviderTransformer: "aws_cloudfront_distribution.website" (*terraform.NodeValidatableResource) needs provider["registry.terraform.io/hashicorp/aws"]
2025-10-04T21:50:34.124+0900 [DEBUG] ProviderTransformer: "data.aws_iam_policy_document.website_bucket_policy" (*terraform.NodeValidatableResource) needs provider["registry.terraform.io/hashicorp/aws"]
2025-10-04T21:50:34.124+0900 [DEBUG] ProviderTransformer: "aws_s3_bucket.website" (*terraform.NodeValidatableResource) needs provider["registry.terraform.io/hashicorp/aws"]
2025-10-04T21:50:34.124+0900 [DEBUG] ReferenceTransformer: "aws_s3_bucket.website" references: [var.project_name var.environment var.project_name var.environment var.environment]
2025-10-04T21:50:34.124+0900 [DEBUG] ReferenceTransformer: "var.aws_region" references: []
2025-10-04T21:50:34.124+0900 [DEBUG] ReferenceTransformer: "var.environment" references: []
2025-10-04T21:50:34.124+0900 [DEBUG] ReferenceTransformer: "output.cloudfront_distribution_id (expand)" references: [aws_cloudfront_distribution.website]
2025-10-04T21:50:34.124+0900 [DEBUG] ReferenceTransformer: "output.website_url (expand)" references: [aws_cloudfront_distribution.website]
2025-10-04T21:50:34.124+0900 [DEBUG] ReferenceTransformer: "aws_s3_bucket_policy.website" references: [aws_s3_bucket.website data.aws_iam_policy_document.website_bucket_policy]
2025-10-04T21:50:34.124+0900 [DEBUG] ReferenceTransformer: "aws_cloudfront_origin_access_control.website" references: [var.project_name var.environment var.project_name]
2025-10-04T21:50:34.124+0900 [DEBUG] ReferenceTransformer: "aws_s3_bucket_public_access_block.website" references: [aws_s3_bucket.website]
2025-10-04T21:50:34.124+0900 [DEBUG] ReferenceTransformer: "var.project_name" references: []
2025-10-04T21:50:34.124+0900 [DEBUG] ReferenceTransformer: "output.s3_bucket_name (expand)" references: [aws_s3_bucket.website]
2025-10-04T21:50:34.124+0900 [DEBUG] ReferenceTransformer: "output.s3_bucket_arn (expand)" references: [aws_s3_bucket.website]
2025-10-04T21:50:34.124+0900 [DEBUG] ReferenceTransformer: "provider[\"registry.terraform.io/hashicorp/aws\"]" references: [var.aws_region]
2025-10-04T21:50:34.124+0900 [DEBUG] ReferenceTransformer: "aws_cloudfront_distribution.website" references: [var.project_name var.environment var.environment var.project_name var.environment aws_s3_bucket.website aws_cloudfront_origin_access_control.website aws_s3_bucket.website aws_s3_bucket.website]
2025-10-04T21:50:34.124+0900 [DEBUG] ReferenceTransformer: "output.cloudfront_domain_name (expand)" references: [aws_cloudfront_distribution.website]
2025-10-04T21:50:34.124+0900 [DEBUG] ReferenceTransformer: "data.aws_iam_policy_document.website_bucket_policy" references: [aws_s3_bucket.website aws_cloudfront_distribution.website]
2025-10-04T21:50:34.125+0900 [DEBUG] Starting graph walk: walkValidate
2025-10-04T21:50:34.125+0900 [DEBUG] created provider logger: level=debug
2025-10-04T21:50:34.125+0900 [INFO]  provider: configuring client automatic mTLS
2025-10-04T21:50:34.130+0900 [DEBUG] provider: starting plugin: path=.terraform/providers/registry.terraform.io/hashicorp/aws/5.100.0/linux_amd64/terraform-provider-aws_v5.100.0_x5 args=[".terraform/providers/registry.terraform.io/hashicorp/aws/5.100.0/linux_amd64/terraform-provider-aws_v5.100.0_x5"]
2025-10-04T21:50:34.130+0900 [DEBUG] provider: plugin started: path=.terraform/providers/registry.terraform.io/hashicorp/aws/5.100.0/linux_amd64/terraform-provider-aws_v5.100.0_x5 pid=462211
2025-10-04T21:50:34.130+0900 [DEBUG] provider: waiting for RPC address: plugin=.terraform/providers/registry.terraform.io/hashicorp/aws/5.100.0/linux_amd64/terraform-provider-aws_v5.100.0_x5
2025-10-04T21:50:34.199+0900 [DEBUG] provider.terraform-provider-aws_v5.100.0_x5: Starting github.com/hashicorp/terraform-provider-aws@5.100.0 (go1.23.10)...
2025-10-04T21:50:34.199+0900 [DEBUG] provider.terraform-provider-aws_v5.100.0_x5: Initializing Terraform AWS Provider...
2025-10-04T21:50:34.221+0900 [INFO]  provider.terraform-provider-aws_v5.100.0_x5: configuring server automatic mTLS: timestamp="2025-10-04T21:50:34.221+0900"
2025-10-04T21:50:34.226+0900 [DEBUG] provider: using plugin: version=5
2025-10-04T21:50:34.226+0900 [DEBUG] provider.terraform-provider-aws_v5.100.0_x5: plugin address: network=unix address=/tmp/plugin429232339 timestamp="2025-10-04T21:50:34.226+0900"
2025-10-04T21:50:34.319+0900 [DEBUG] provider.stdio: received EOF, stopping recv loop: err="rpc error: code = Unavailable desc = error reading from server: EOF"
2025-10-04T21:50:34.322+0900 [INFO]  provider: plugin process exited: plugin=.terraform/providers/registry.terraform.io/hashicorp/aws/5.100.0/linux_amd64/terraform-provider-aws_v5.100.0_x5 id=462211
2025-10-04T21:50:34.322+0900 [DEBUG] provider: plugin exited
2025-10-04T21:50:43.348+0900 [INFO]  Terraform version: 1.13.2
2025-10-04T21:50:43.348+0900 [DEBUG] using github.com/hashicorp/go-tfe v1.74.1
2025-10-04T21:50:43.348+0900 [DEBUG] using github.com/hashicorp/hcl/v2 v2.24.0
2025-10-04T21:50:43.348+0900 [DEBUG] using github.com/hashicorp/terraform-svchost v0.1.1
2025-10-04T21:50:43.348+0900 [DEBUG] using github.com/zclconf/go-cty v1.16.3
2025-10-04T21:50:43.348+0900 [INFO]  Go runtime version: go1.24.5
2025-10-04T21:50:43.348+0900 [INFO]  CLI args: []string{"terraform", "fmt", "-recursive"}
2025-10-04T21:50:43.348+0900 [DEBUG] Attempting to open CLI config file: /home/okkey/.terraformrc
2025-10-04T21:50:43.348+0900 [DEBUG] File doesn't exist, but doesn't need to. Ignoring.
2025-10-04T21:50:43.348+0900 [INFO]  Loading CLI configuration from /home/okkey/.terraform.d/credentials.tfrc.json
2025-10-04T21:50:43.349+0900 [DEBUG] ignoring non-existing provider search directory terraform.d/plugins
2025-10-04T21:50:43.349+0900 [DEBUG] ignoring non-existing provider search directory /home/okkey/.terraform.d/plugins
2025-10-04T21:50:43.349+0900 [DEBUG] ignoring non-existing provider search directory /home/okkey/.local/share/terraform/plugins
2025-10-04T21:50:43.349+0900 [DEBUG] ignoring non-existing provider search directory /usr/local/share/terraform/plugins
2025-10-04T21:50:43.349+0900 [DEBUG] ignoring non-existing provider search directory /usr/share/terraform/plugins
2025-10-04T21:50:43.349+0900 [INFO]  CLI command args: []string{"fmt", "-recursive"}
2025-10-04T21:50:43.371+0900 [INFO]  Terraform version: 1.13.2
2025-10-04T21:50:43.371+0900 [DEBUG] using github.com/hashicorp/go-tfe v1.74.1
2025-10-04T21:50:43.371+0900 [DEBUG] using github.com/hashicorp/hcl/v2 v2.24.0
2025-10-04T21:50:43.371+0900 [DEBUG] using github.com/hashicorp/terraform-svchost v0.1.1
2025-10-04T21:50:43.371+0900 [DEBUG] using github.com/zclconf/go-cty v1.16.3
2025-10-04T21:50:43.371+0900 [INFO]  Go runtime version: go1.24.5
2025-10-04T21:50:43.371+0900 [INFO]  CLI args: []string{"terraform", "validate"}
2025-10-04T21:50:43.371+0900 [DEBUG] Attempting to open CLI config file: /home/okkey/.terraformrc
2025-10-04T21:50:43.371+0900 [DEBUG] File doesn't exist, but doesn't need to. Ignoring.
2025-10-04T21:50:43.371+0900 [INFO]  Loading CLI configuration from /home/okkey/.terraform.d/credentials.tfrc.json
2025-10-04T21:50:43.371+0900 [DEBUG] ignoring non-existing provider search directory terraform.d/plugins
2025-10-04T21:50:43.371+0900 [DEBUG] ignoring non-existing provider search directory /home/okkey/.terraform.d/plugins
2025-10-04T21:50:43.371+0900 [DEBUG] ignoring non-existing provider search directory /home/okkey/.local/share/terraform/plugins
2025-10-04T21:50:43.371+0900 [DEBUG] ignoring non-existing provider search directory /usr/local/share/terraform/plugins
2025-10-04T21:50:43.371+0900 [DEBUG] ignoring non-existing provider search directory /usr/share/terraform/plugins
2025-10-04T21:50:43.372+0900 [INFO]  CLI command args: []string{"validate"}
2025-10-04T21:50:43.741+0900 [DEBUG] checking for provisioner in "."
2025-10-04T21:50:43.741+0900 [DEBUG] checking for provisioner in "/home/okkey/.local/share/mise/installs/terraform/1.13.2/bin"
2025-10-04T21:50:43.741+0900 [DEBUG] created provider logger: level=debug
2025-10-04T21:50:43.741+0900 [INFO]  provider: configuring client automatic mTLS
2025-10-04T21:50:43.746+0900 [DEBUG] provider: starting plugin: path=.terraform/providers/registry.terraform.io/hashicorp/aws/5.100.0/linux_amd64/terraform-provider-aws_v5.100.0_x5 args=[".terraform/providers/registry.terraform.io/hashicorp/aws/5.100.0/linux_amd64/terraform-provider-aws_v5.100.0_x5"]
2025-10-04T21:50:43.746+0900 [DEBUG] provider: plugin started: path=.terraform/providers/registry.terraform.io/hashicorp/aws/5.100.0/linux_amd64/terraform-provider-aws_v5.100.0_x5 pid=462608
2025-10-04T21:50:43.746+0900 [DEBUG] provider: waiting for RPC address: plugin=.terraform/providers/registry.terraform.io/hashicorp/aws/5.100.0/linux_amd64/terraform-provider-aws_v5.100.0_x5
2025-10-04T21:50:43.797+0900 [DEBUG] provider.terraform-provider-aws_v5.100.0_x5: Starting github.com/hashicorp/terraform-provider-aws@5.100.0 (go1.23.10)...
2025-10-04T21:50:43.797+0900 [DEBUG] provider.terraform-provider-aws_v5.100.0_x5: Initializing Terraform AWS Provider...
2025-10-04T21:50:43.813+0900 [INFO]  provider.terraform-provider-aws_v5.100.0_x5: configuring server automatic mTLS: timestamp="2025-10-04T21:50:43.813+0900"
2025-10-04T21:50:43.818+0900 [DEBUG] provider: using plugin: version=5
2025-10-04T21:50:43.818+0900 [DEBUG] provider.terraform-provider-aws_v5.100.0_x5: plugin address: address=/tmp/plugin3522201382 network=unix timestamp="2025-10-04T21:50:43.818+0900"
2025-10-04T21:50:44.365+0900 [DEBUG] provider.stdio: received EOF, stopping recv loop: err="rpc error: code = Unavailable desc = error reading from server: EOF"
2025-10-04T21:50:44.369+0900 [INFO]  provider: plugin process exited: plugin=.terraform/providers/registry.terraform.io/hashicorp/aws/5.100.0/linux_amd64/terraform-provider-aws_v5.100.0_x5 id=462608
2025-10-04T21:50:44.369+0900 [DEBUG] provider: plugin exited
2025-10-04T21:50:44.369+0900 [DEBUG] Building and walking validate graph
2025-10-04T21:50:44.369+0900 [DEBUG] ProviderTransformer: "aws_cloudfront_origin_access_control.website" (*terraform.NodeValidatableResource) needs provider["registry.terraform.io/hashicorp/aws"]
2025-10-04T21:50:44.369+0900 [DEBUG] ProviderTransformer: "aws_s3_bucket_public_access_block.website" (*terraform.NodeValidatableResource) needs provider["registry.terraform.io/hashicorp/aws"]
2025-10-04T21:50:44.369+0900 [DEBUG] ProviderTransformer: "aws_s3_bucket.website" (*terraform.NodeValidatableResource) needs provider["registry.terraform.io/hashicorp/aws"]
2025-10-04T21:50:44.369+0900 [DEBUG] ProviderTransformer: "data.aws_iam_policy_document.website_bucket_policy" (*terraform.NodeValidatableResource) needs provider["registry.terraform.io/hashicorp/aws"]
2025-10-04T21:50:44.369+0900 [DEBUG] ProviderTransformer: "aws_cloudfront_distribution.website" (*terraform.NodeValidatableResource) needs provider["registry.terraform.io/hashicorp/aws"]
2025-10-04T21:50:44.369+0900 [DEBUG] ProviderTransformer: "aws_s3_bucket_policy.website" (*terraform.NodeValidatableResource) needs provider["registry.terraform.io/hashicorp/aws"]
2025-10-04T21:50:44.370+0900 [DEBUG] ReferenceTransformer: "output.s3_bucket_name (expand)" references: [aws_s3_bucket.website]
2025-10-04T21:50:44.370+0900 [DEBUG] ReferenceTransformer: "output.cloudfront_distribution_id (expand)" references: [aws_cloudfront_distribution.website]
2025-10-04T21:50:44.370+0900 [DEBUG] ReferenceTransformer: "aws_cloudfront_distribution.website" references: [var.project_name var.environment var.project_name var.environment var.environment aws_s3_bucket.website aws_cloudfront_origin_access_control.website aws_s3_bucket.website aws_s3_bucket.website]
2025-10-04T21:50:44.370+0900 [DEBUG] ReferenceTransformer: "aws_s3_bucket_policy.website" references: [data.aws_iam_policy_document.website_bucket_policy aws_s3_bucket.website]
2025-10-04T21:50:44.370+0900 [DEBUG] ReferenceTransformer: "aws_cloudfront_origin_access_control.website" references: [var.project_name var.environment var.project_name]
2025-10-04T21:50:44.370+0900 [DEBUG] ReferenceTransformer: "aws_s3_bucket_public_access_block.website" references: [aws_s3_bucket.website]
2025-10-04T21:50:44.370+0900 [DEBUG] ReferenceTransformer: "var.project_name" references: []
2025-10-04T21:50:44.370+0900 [DEBUG] ReferenceTransformer: "output.s3_bucket_arn (expand)" references: [aws_s3_bucket.website]
2025-10-04T21:50:44.370+0900 [DEBUG] ReferenceTransformer: "aws_s3_bucket.website" references: [var.project_name var.environment var.project_name var.environment var.environment]
2025-10-04T21:50:44.370+0900 [DEBUG] ReferenceTransformer: "data.aws_iam_policy_document.website_bucket_policy" references: [aws_s3_bucket.website aws_cloudfront_distribution.website]
2025-10-04T21:50:44.370+0900 [DEBUG] ReferenceTransformer: "var.environment" references: []
2025-10-04T21:50:44.370+0900 [DEBUG] ReferenceTransformer: "var.aws_region" references: []
2025-10-04T21:50:44.370+0900 [DEBUG] ReferenceTransformer: "output.cloudfront_domain_name (expand)" references: [aws_cloudfront_distribution.website]
2025-10-04T21:50:44.370+0900 [DEBUG] ReferenceTransformer: "provider[\"registry.terraform.io/hashicorp/aws\"]" references: [var.aws_region]
2025-10-04T21:50:44.370+0900 [DEBUG] ReferenceTransformer: "output.website_url (expand)" references: [aws_cloudfront_distribution.website]
2025-10-04T21:50:44.370+0900 [DEBUG] Starting graph walk: walkValidate
2025-10-04T21:50:44.370+0900 [DEBUG] created provider logger: level=debug
2025-10-04T21:50:44.370+0900 [INFO]  provider: configuring client automatic mTLS
2025-10-04T21:50:44.373+0900 [DEBUG] provider: starting plugin: path=.terraform/providers/registry.terraform.io/hashicorp/aws/5.100.0/linux_amd64/terraform-provider-aws_v5.100.0_x5 args=[".terraform/providers/registry.terraform.io/hashicorp/aws/5.100.0/linux_amd64/terraform-provider-aws_v5.100.0_x5"]
2025-10-04T21:50:44.373+0900 [DEBUG] provider: plugin started: path=.terraform/providers/registry.terraform.io/hashicorp/aws/5.100.0/linux_amd64/terraform-provider-aws_v5.100.0_x5 pid=462646
2025-10-04T21:50:44.373+0900 [DEBUG] provider: waiting for RPC address: plugin=.terraform/providers/registry.terraform.io/hashicorp/aws/5.100.0/linux_amd64/terraform-provider-aws_v5.100.0_x5
2025-10-04T21:50:44.433+0900 [DEBUG] provider.terraform-provider-aws_v5.100.0_x5: Starting github.com/hashicorp/terraform-provider-aws@5.100.0 (go1.23.10)...
2025-10-04T21:50:44.433+0900 [DEBUG] provider.terraform-provider-aws_v5.100.0_x5: Initializing Terraform AWS Provider...
2025-10-04T21:50:44.456+0900 [INFO]  provider.terraform-provider-aws_v5.100.0_x5: configuring server automatic mTLS: timestamp="2025-10-04T21:50:44.456+0900"
2025-10-04T21:50:44.463+0900 [DEBUG] provider.terraform-provider-aws_v5.100.0_x5: plugin address: address=/tmp/plugin3118041925 network=unix timestamp="2025-10-04T21:50:44.463+0900"
2025-10-04T21:50:44.463+0900 [DEBUG] provider: using plugin: version=5
2025-10-04T21:50:44.557+0900 [DEBUG] provider.stdio: received EOF, stopping recv loop: err="rpc error: code = Unavailable desc = error reading from server: EOF"
2025-10-04T21:50:44.560+0900 [INFO]  provider: plugin process exited: plugin=.terraform/providers/registry.terraform.io/hashicorp/aws/5.100.0/linux_amd64/terraform-provider-aws_v5.100.0_x5 id=462646
2025-10-04T21:50:44.560+0900 [DEBUG] provider: plugin exited
2025-10-04T21:53:21.797+0900 [INFO]  Terraform version: 1.13.2
2025-10-04T21:53:21.797+0900 [DEBUG] using github.com/hashicorp/go-tfe v1.74.1
2025-10-04T21:53:21.797+0900 [DEBUG] using github.com/hashicorp/hcl/v2 v2.24.0
2025-10-04T21:53:21.797+0900 [DEBUG] using github.com/hashicorp/terraform-svchost v0.1.1
2025-10-04T21:53:21.797+0900 [DEBUG] using github.com/zclconf/go-cty v1.16.3
2025-10-04T21:53:21.797+0900 [INFO]  Go runtime version: go1.24.5
2025-10-04T21:53:21.797+0900 [INFO]  CLI args: []string{"terraform", "fmt", "-recursive"}
2025-10-04T21:53:21.797+0900 [DEBUG] Attempting to open CLI config file: /home/okkey/.terraformrc
2025-10-04T21:53:21.797+0900 [DEBUG] File doesn't exist, but doesn't need to. Ignoring.
2025-10-04T21:53:21.797+0900 [INFO]  Loading CLI configuration from /home/okkey/.terraform.d/credentials.tfrc.json
2025-10-04T21:53:21.797+0900 [DEBUG] ignoring non-existing provider search directory terraform.d/plugins
2025-10-04T21:53:21.797+0900 [DEBUG] ignoring non-existing provider search directory /home/okkey/.terraform.d/plugins
2025-10-04T21:53:21.797+0900 [DEBUG] ignoring non-existing provider search directory /home/okkey/.local/share/terraform/plugins
2025-10-04T21:53:21.797+0900 [DEBUG] ignoring non-existing provider search directory /usr/local/share/terraform/plugins
2025-10-04T21:53:21.797+0900 [DEBUG] ignoring non-existing provider search directory /usr/share/terraform/plugins
2025-10-04T21:53:21.797+0900 [INFO]  CLI command args: []string{"fmt", "-recursive"}
2025-10-04T21:53:21.831+0900 [INFO]  Terraform version: 1.13.2
2025-10-04T21:53:21.831+0900 [DEBUG] using github.com/hashicorp/go-tfe v1.74.1
2025-10-04T21:53:21.831+0900 [DEBUG] using github.com/hashicorp/hcl/v2 v2.24.0
2025-10-04T21:53:21.831+0900 [DEBUG] using github.com/hashicorp/terraform-svchost v0.1.1
2025-10-04T21:53:21.831+0900 [DEBUG] using github.com/zclconf/go-cty v1.16.3
2025-10-04T21:53:21.831+0900 [INFO]  Go runtime version: go1.24.5
2025-10-04T21:53:21.831+0900 [INFO]  CLI args: []string{"terraform", "validate"}
2025-10-04T21:53:21.831+0900 [DEBUG] Attempting to open CLI config file: /home/okkey/.terraformrc
2025-10-04T21:53:21.831+0900 [DEBUG] File doesn't exist, but doesn't need to. Ignoring.
2025-10-04T21:53:21.831+0900 [INFO]  Loading CLI configuration from /home/okkey/.terraform.d/credentials.tfrc.json
2025-10-04T21:53:21.831+0900 [DEBUG] ignoring non-existing provider search directory terraform.d/plugins
2025-10-04T21:53:21.831+0900 [DEBUG] ignoring non-existing provider search directory /home/okkey/.terraform.d/plugins
2025-10-04T21:53:21.831+0900 [DEBUG] ignoring non-existing provider search directory /home/okkey/.local/share/terraform/plugins
2025-10-04T21:53:21.831+0900 [DEBUG] ignoring non-existing provider search directory /usr/local/share/terraform/plugins
2025-10-04T21:53:21.831+0900 [DEBUG] ignoring non-existing provider search directory /usr/share/terraform/plugins
2025-10-04T21:53:21.832+0900 [INFO]  CLI command args: []string{"validate"}
2025-10-04T21:53:22.308+0900 [DEBUG] checking for provisioner in "."
2025-10-04T21:53:22.308+0900 [DEBUG] checking for provisioner in "/home/okkey/.local/share/mise/installs/terraform/1.13.2/bin"
2025-10-04T21:53:22.308+0900 [DEBUG] created provider logger: level=debug
2025-10-04T21:53:22.308+0900 [INFO]  provider: configuring client automatic mTLS
2025-10-04T21:53:22.314+0900 [DEBUG] provider: starting plugin: path=.terraform/providers/registry.terraform.io/hashicorp/aws/5.100.0/linux_amd64/terraform-provider-aws_v5.100.0_x5 args=[".terraform/providers/registry.terraform.io/hashicorp/aws/5.100.0/linux_amd64/terraform-provider-aws_v5.100.0_x5"]
2025-10-04T21:53:22.315+0900 [DEBUG] provider: plugin started: path=.terraform/providers/registry.terraform.io/hashicorp/aws/5.100.0/linux_amd64/terraform-provider-aws_v5.100.0_x5 pid=464932
2025-10-04T21:53:22.315+0900 [DEBUG] provider: waiting for RPC address: plugin=.terraform/providers/registry.terraform.io/hashicorp/aws/5.100.0/linux_amd64/terraform-provider-aws_v5.100.0_x5
2025-10-04T21:53:22.371+0900 [DEBUG] provider.terraform-provider-aws_v5.100.0_x5: Starting github.com/hashicorp/terraform-provider-aws@5.100.0 (go1.23.10)...
2025-10-04T21:53:22.371+0900 [DEBUG] provider.terraform-provider-aws_v5.100.0_x5: Initializing Terraform AWS Provider...
2025-10-04T21:53:22.389+0900 [INFO]  provider.terraform-provider-aws_v5.100.0_x5: configuring server automatic mTLS: timestamp="2025-10-04T21:53:22.389+0900"
2025-10-04T21:53:22.395+0900 [DEBUG] provider: using plugin: version=5
2025-10-04T21:53:22.395+0900 [DEBUG] provider.terraform-provider-aws_v5.100.0_x5: plugin address: address=/tmp/plugin3225155177 network=unix timestamp="2025-10-04T21:53:22.395+0900"
2025-10-04T21:53:22.957+0900 [DEBUG] provider.stdio: received EOF, stopping recv loop: err="rpc error: code = Unavailable desc = error reading from server: EOF"
2025-10-04T21:53:22.960+0900 [INFO]  provider: plugin process exited: plugin=.terraform/providers/registry.terraform.io/hashicorp/aws/5.100.0/linux_amd64/terraform-provider-aws_v5.100.0_x5 id=464932
2025-10-04T21:53:22.960+0900 [DEBUG] provider: plugin exited
2025-10-04T21:53:22.960+0900 [DEBUG] Building and walking validate graph
2025-10-04T21:53:22.961+0900 [DEBUG] ProviderTransformer: "aws_cloudfront_distribution.website" (*terraform.NodeValidatableResource) needs provider["registry.terraform.io/hashicorp/aws"]
2025-10-04T21:53:22.961+0900 [DEBUG] ProviderTransformer: "aws_s3_bucket.website" (*terraform.NodeValidatableResource) needs provider["registry.terraform.io/hashicorp/aws"]
2025-10-04T21:53:22.961+0900 [DEBUG] ProviderTransformer: "aws_s3_bucket_policy.website" (*terraform.NodeValidatableResource) needs provider["registry.terraform.io/hashicorp/aws"]
2025-10-04T21:53:22.961+0900 [DEBUG] ProviderTransformer: "aws_cloudfront_origin_access_control.website" (*terraform.NodeValidatableResource) needs provider["registry.terraform.io/hashicorp/aws"]
2025-10-04T21:53:22.961+0900 [DEBUG] ProviderTransformer: "aws_s3_bucket_public_access_block.website" (*terraform.NodeValidatableResource) needs provider["registry.terraform.io/hashicorp/aws"]
2025-10-04T21:53:22.961+0900 [DEBUG] ProviderTransformer: "data.aws_iam_policy_document.website_bucket_policy" (*terraform.NodeValidatableResource) needs provider["registry.terraform.io/hashicorp/aws"]
2025-10-04T21:53:22.961+0900 [DEBUG] ReferenceTransformer: "aws_s3_bucket_policy.website" references: [data.aws_iam_policy_document.website_bucket_policy aws_s3_bucket.website]
2025-10-04T21:53:22.961+0900 [DEBUG] ReferenceTransformer: "var.environment" references: []
2025-10-04T21:53:22.961+0900 [DEBUG] ReferenceTransformer: "output.website_url (expand)" references: [aws_cloudfront_distribution.website]
2025-10-04T21:53:22.961+0900 [DEBUG] ReferenceTransformer: "output.cloudfront_domain_name (expand)" references: [aws_cloudfront_distribution.website]
2025-10-04T21:53:22.961+0900 [DEBUG] ReferenceTransformer: "var.aws_region" references: []
2025-10-04T21:53:22.961+0900 [DEBUG] ReferenceTransformer: "var.project_name" references: []
2025-10-04T21:53:22.961+0900 [DEBUG] ReferenceTransformer: "output.cloudfront_distribution_id (expand)" references: [aws_cloudfront_distribution.website]
2025-10-04T21:53:22.961+0900 [DEBUG] ReferenceTransformer: "provider[\"registry.terraform.io/hashicorp/aws\"]" references: [var.aws_region]
2025-10-04T21:53:22.961+0900 [DEBUG] ReferenceTransformer: "output.s3_bucket_arn (expand)" references: [aws_s3_bucket.website]
2025-10-04T21:53:22.961+0900 [DEBUG] ReferenceTransformer: "aws_cloudfront_origin_access_control.website" references: [var.project_name var.project_name var.environment]
2025-10-04T21:53:22.961+0900 [DEBUG] ReferenceTransformer: "aws_s3_bucket_public_access_block.website" references: [aws_s3_bucket.website]
2025-10-04T21:53:22.961+0900 [DEBUG] ReferenceTransformer: "data.aws_iam_policy_document.website_bucket_policy" references: [aws_s3_bucket.website aws_cloudfront_distribution.website]
2025-10-04T21:53:22.961+0900 [DEBUG] ReferenceTransformer: "output.s3_bucket_name (expand)" references: [aws_s3_bucket.website]
2025-10-04T21:53:22.961+0900 [DEBUG] ReferenceTransformer: "aws_cloudfront_distribution.website" references: [var.project_name var.environment var.environment var.project_name var.environment aws_s3_bucket.website aws_cloudfront_origin_access_control.website aws_s3_bucket.website aws_s3_bucket.website]
2025-10-04T21:53:22.961+0900 [DEBUG] ReferenceTransformer: "aws_s3_bucket.website" references: [var.project_name var.environment var.project_name var.environment var.environment]
2025-10-04T21:53:22.961+0900 [DEBUG] Starting graph walk: walkValidate
2025-10-04T21:53:22.961+0900 [DEBUG] created provider logger: level=debug
2025-10-04T21:53:22.961+0900 [INFO]  provider: configuring client automatic mTLS
2025-10-04T21:53:22.964+0900 [DEBUG] provider: starting plugin: path=.terraform/providers/registry.terraform.io/hashicorp/aws/5.100.0/linux_amd64/terraform-provider-aws_v5.100.0_x5 args=[".terraform/providers/registry.terraform.io/hashicorp/aws/5.100.0/linux_amd64/terraform-provider-aws_v5.100.0_x5"]
2025-10-04T21:53:22.964+0900 [DEBUG] provider: plugin started: path=.terraform/providers/registry.terraform.io/hashicorp/aws/5.100.0/linux_amd64/terraform-provider-aws_v5.100.0_x5 pid=464972
2025-10-04T21:53:22.964+0900 [DEBUG] provider: waiting for RPC address: plugin=.terraform/providers/registry.terraform.io/hashicorp/aws/5.100.0/linux_amd64/terraform-provider-aws_v5.100.0_x5
2025-10-04T21:53:23.019+0900 [DEBUG] provider.terraform-provider-aws_v5.100.0_x5: Starting github.com/hashicorp/terraform-provider-aws@5.100.0 (go1.23.10)...
2025-10-04T21:53:23.019+0900 [DEBUG] provider.terraform-provider-aws_v5.100.0_x5: Initializing Terraform AWS Provider...
2025-10-04T21:53:23.034+0900 [INFO]  provider.terraform-provider-aws_v5.100.0_x5: configuring server automatic mTLS: timestamp="2025-10-04T21:53:23.034+0900"
2025-10-04T21:53:23.039+0900 [DEBUG] provider: using plugin: version=5
2025-10-04T21:53:23.039+0900 [DEBUG] provider.terraform-provider-aws_v5.100.0_x5: plugin address: address=/tmp/plugin2207489690 network=unix timestamp="2025-10-04T21:53:23.039+0900"
2025-10-04T21:53:23.110+0900 [DEBUG] provider.stdio: received EOF, stopping recv loop: err="rpc error: code = Unavailable desc = error reading from server: EOF"
2025-10-04T21:53:23.113+0900 [INFO]  provider: plugin process exited: plugin=.terraform/providers/registry.terraform.io/hashicorp/aws/5.100.0/linux_amd64/terraform-provider-aws_v5.100.0_x5 id=464972
2025-10-04T21:53:23.113+0900 [DEBUG] provider: plugin exited
